\BOOKMARK [0][-]{chapter.1}{\376\377\123\132\155\033\134\074\116\232\153\042\217\316\117\140}{}% 1
\BOOKMARK [1][-]{section.1.1}{\376\377\133\146\200\124\201\364\217\236}{chapter.1}% 2
\BOOKMARK [1][-]{section.1.2}{\376\377\116\232\155\062\133\146\226\142\377\010\000A\000s\000i\000a\000\040\000I\000n\000s\000t\000i\000t\000u\000t\000e\377\011}{chapter.1}% 3
\BOOKMARK [1][-]{section.1.3}{\376\377\123\132\155\033\134\074\116\232\131\047\133\146\133\124\133\120\133\146\226\142}{chapter.1}% 4
\BOOKMARK [0][-]{chapter.2}{\376\377\147\120\145\231\122\236\164\006}{}% 5
\BOOKMARK [1][-]{section.2.1}{\376\377\172\016\123\367\000\050\000C\000o\000d\000i\000c\000e\000\040\000F\000i\000s\000c\000a\000l\000e\000\051}{chapter.2}% 6
\BOOKMARK [1][-]{section.2.2}{\376\377\123\073\165\227\117\335\226\151}{chapter.2}% 7
\BOOKMARK [1][-]{section.2.3}{\376\377\134\105\165\131\000\050\000P\000e\000r\000m\000e\000s\000s\000o\000\040\000d\000i\000\040\000S\000o\000g\000g\000i\000o\000r\000n\000o\000\051}{chapter.2}% 8
\BOOKMARK [1][-]{section.2.4}{\376\377\224\366\210\114\215\046\142\067\000\040\000\050\000C\000o\000n\000t\000o\000\040\000C\000o\000r\000r\000e\000n\000t\000e\000\051}{chapter.2}% 9
\BOOKMARK [1][-]{section.2.5}{\376\377\117\117\133\277\000\040\000\050\000A\000l\000l\000o\000g\000g\000i\000o\000\051}{chapter.2}% 10
\BOOKMARK [1][-]{section.2.6}{\376\377\123\073\165\227\000\040\000\050\000O\000s\000p\000e\000d\000a\000l\000e\000\051}{chapter.2}% 11
\BOOKMARK [0][-]{chapter.3}{\376\377\116\244\220\032\124\214\220\032\117\341}{}% 12
\BOOKMARK [1][-]{section.3.1}{\376\377\127\316\136\002\121\154\121\161\116\244\220\032\000\040\000\050\000C\000o\000l\000l\000e\000g\000a\000m\000e\000n\000t\000i\000\040\000U\000r\000b\000a\000n\000i\000\051}{chapter.3}% 13
\BOOKMARK [2][-]{subsection.3.1.1}{\376\377\217\146\171\150\166\204\171\315\174\173}{section.3.1}% 14
\BOOKMARK [1][-]{section.3.2}{\376\377\160\153\217\146\000\040\000\050\000T\000r\000e\000n\000i\000\051}{chapter.3}% 15
\BOOKMARK [2][-]{subsection.3.2.1}{\376\377\141\017\131\047\122\051\160\153\217\146\174\373\176\337\116\313\176\315}{section.3.2}% 16
\BOOKMARK [2][-]{subsection.3.2.2}{\376\377\215\055\171\150\145\271\137\017}{section.3.2}% 17
\BOOKMARK [1][-]{section.3.3}{\376\377\225\177\220\024\131\047\135\364\000\040\000\050\000P\000u\000l\000l\000m\000a\000n\000\051}{chapter.3}% 18
\BOOKMARK [2][-]{subsection.3.3.1}{\376\377\215\055\171\150\145\271\137\017}{section.3.3}% 19
\BOOKMARK [2][-]{subsection.3.3.2}{\376\377\116\130\217\146\127\060\160\271}{section.3.3}% 20
\BOOKMARK [1][-]{section.3.4}{\376\377\121\372\171\337\217\146\000\040\000\050\000T\000a\000x\000i\000\051}{chapter.3}% 21
\BOOKMARK [1][-]{section.3.5}{\376\377\171\301\116\272\171\337\217\146\000\040\000\050\000N\000o\000l\000e\000g\000g\000i\000o\000\040\000a\000u\000t\000o\000\051}{chapter.3}% 22
\BOOKMARK [1][-]{section.3.6}{\376\377\202\052\172\172\000\040\000\050\000A\000e\000r\000e\000i\000\051}{chapter.3}% 23
\BOOKMARK [2][-]{subsection.3.6.1}{\376\377\136\311\116\367\202\052\172\172}{section.3.6}% 24
\BOOKMARK [2][-]{subsection.3.6.2}{\376\377\121\163\116\216\126\336\126\375}{section.3.6}% 25
\BOOKMARK [1][-]{section.3.7}{\376\377\220\256\145\077\377\134\220\032\117\341\377\134\177\121\176\334}{chapter.3}% 26
\BOOKMARK [2][-]{subsection.3.7.1}{\376\377\220\256\134\100\136\070\165\050\122\060\166\204\121\340\116\052\116\032\122\241}{section.3.7}% 27
\BOOKMARK [2][-]{subsection.3.7.2}{\376\377\137\353\220\022}{section.3.7}% 28
\BOOKMARK [2][-]{subsection.3.7.3}{\376\377\220\032\117\341}{section.3.7}% 29
\BOOKMARK [2][-]{subsection.3.7.4}{\376\377\177\121\176\334}{section.3.7}% 30
\BOOKMARK [0][-]{chapter.4}{\376\377\165\037\155\073\117\341\140\157}{}% 31
\BOOKMARK [1][-]{section.4.1}{\376\377\131\017\116\344\145\366}{chapter.4}% 32
\BOOKMARK [1][-]{section.4.2}{\376\377\133\211\121\150\225\356\230\230}{chapter.4}% 33
\BOOKMARK [2][-]{subsection.4.2.1}{\376\377\136\070\165\050\166\204\175\047\140\045\165\065\213\335}{section.4.2}% 34
\BOOKMARK [2][-]{subsection.4.2.2}{\376\377\133\211\121\150\116\016\154\102\122\251}{section.4.2}% 35
\BOOKMARK [2][-]{subsection.4.2.3}{\376\377\131\061\162\151\142\333\230\206}{section.4.2}% 36
\BOOKMARK [2][-]{subsection.4.2.4}{\376\377\000B\000o\000l\000o\000g\000n\000a\000\040\136\002\131\061\162\151\142\333\230\206\116\055\137\303}{section.4.2}% 37
\BOOKMARK [1][-]{section.4.3}{\376\377\232\176\161\147}{chapter.4}% 38
\BOOKMARK [0][-]{chapter.5}{\376\377\165\037\155\073\116\016\215\055\162\151}{}% 39
\BOOKMARK [1][-]{section.5.1}{\376\377\116\055\126\375\215\205\136\002}{chapter.5}% 40
\BOOKMARK [1][-]{section.5.2}{\376\377\116\055\231\020\123\205}{chapter.5}% 41
\BOOKMARK [1][-]{section.5.3}{\376\377\177\216\165\062\147\015\122\241}{chapter.5}% 42
\BOOKMARK [1][-]{section.5.4}{\376\377\121\175\123\073}{chapter.5}% 43
\BOOKMARK [1][-]{section.5.5}{\376\377\141\017\131\047\122\051\215\205\136\002}{chapter.5}% 44
\BOOKMARK [1][-]{section.5.6}{\376\377\211\177\231\020\123\205}{chapter.5}% 45
\BOOKMARK [2][-]{subsection.5.6.1}{\376\377\124\163\177\216\116\367\136\311}{section.5.6}% 46
\BOOKMARK [2][-]{subsection.5.6.2}{\376\377\232\330\150\143\231\020\123\205}{section.5.6}% 47
\BOOKMARK [1][-]{section.5.7}{\376\377\141\017\131\047\122\051\116\073\211\201\142\123\142\230\147\121}{chapter.5}% 48
\BOOKMARK [0][-]{chapter.6}{\376\377\123\132\155\033\134\074\116\232\146\157\160\271}{}% 49
\BOOKMARK [1][-]{section.6.1}{\376\377\123\132\155\033\134\074\116\232\146\157\160\271}{chapter.6}% 50
\BOOKMARK [1][-]{section.6.2}{\376\377\143\250\203\120\123\132\162\151\231\206}{chapter.6}% 51
\BOOKMARK [0][-]{chapter.7}{\376\377\000U\000N\000I\000B\000O\000\040\000-\000\040\123\132\155\033\134\074\116\232\131\047\133\146}{}% 52
\BOOKMARK [1][-]{section.7.1}{\376\377\131\047\133\146\173\200\116\313}{chapter.7}% 53
\BOOKMARK [1][-]{section.7.2}{\376\377\121\145\133\146\154\350\121\214}{chapter.7}% 54
\BOOKMARK [2][-]{subsection.7.2.1}{\376\377\000S\000t\000u\000d\000e\000n\000t\000i\000\040\000o\000n\000l\000i\000n\000e\177\121\172\331\154\350\121\214}{section.7.2}% 55
\BOOKMARK [2][-]{subsection.7.2.2}{\376\377\232\154\123\357\154\342\177\127\213\241\122\022\165\037}{section.7.2}% 56
\BOOKMARK [2][-]{subsection.7.2.3}{\376\377\123\302\122\240\141\017\131\047\122\051\213\355\200\003\213\325\142\026\143\001\147\011\141\017\131\047\122\051\213\355\213\301\116\146\000\040\000\050\121\115\200\003\000\051}{section.7.2}% 57
\BOOKMARK [2][-]{subsection.7.2.4}{\376\377\145\340\116\023\116\032\121\145\133\146\200\003\213\325\166\204\140\305\121\265}{section.7.2}% 58
\BOOKMARK [2][-]{subsection.7.2.5}{\376\377\153\143\137\017\154\350\121\214\121\145\133\146}{section.7.2}% 59
\BOOKMARK [1][-]{section.7.3}{\376\377\121\145\133\146\116\113\124\016}{chapter.7}% 60
\BOOKMARK [2][-]{subsection.7.3.1}{\376\377\000A\000L\000M\000A\000W\000I\000F\000I\000\040\145\340\176\277\177\121}{section.7.3}% 61
\BOOKMARK [2][-]{subsection.7.3.2}{\376\377\153\041\136\164\154\350\121\214\142\113\176\355}{section.7.3}% 62
\BOOKMARK [2][-]{subsection.7.3.3}{\376\377\133\146\215\071}{section.7.3}% 63
\BOOKMARK [2][-]{subsection.7.3.4}{\376\377\133\146\122\006\122\066\174\373\176\337\116\313\176\315}{section.7.3}% 64
\BOOKMARK [2][-]{subsection.7.3.5}{\376\377\220\011\213\376\123\312\133\146\116\140\213\241\122\022\000\050\000P\000i\000a\000n\000i\000\040\000d\000i\000\040\000s\000t\000u\000d\000i\000o\000\051}{section.7.3}% 65
\BOOKMARK [2][-]{subsection.7.3.6}{\376\377\200\003\213\325\122\066\136\246}{section.7.3}% 66
\BOOKMARK [2][-]{subsection.7.3.7}{\376\377\153\325\116\032\213\272\145\207\000/\213\276\213\241}{section.7.3}% 67
\BOOKMARK [2][-]{subsection.7.3.8}{\376\377\133\236\116\140\000\040\000\050\000T\000i\000r\000o\000c\000i\000n\000i\000o\000\051}{section.7.3}% 68
\BOOKMARK [2][-]{subsection.7.3.9}{\376\377\165\131\133\146\126\336\126\375\116\272\124\130\213\301\146\016}{section.7.3}% 69
\BOOKMARK [1][-]{section.7.4}{\376\377\133\146\215\071\121\317\121\115\123\312\131\126\133\146\221\321}{chapter.7}% 70
\BOOKMARK [2][-]{subsection.7.4.1}{\376\377\165\063\213\367\127\372\147\054\155\101\172\013}{section.7.4}% 71
\BOOKMARK [2][-]{subsection.7.4.2}{\376\377\165\063\213\367\131\126\133\146\221\321\166\204\127\372\147\054\133\146\122\006\211\201\154\102}{section.7.4}% 72
\BOOKMARK [2][-]{subsection.7.4.3}{\376\377\133\266\136\255\176\317\155\116\162\266\121\265\213\301\146\016\227\000\121\306\131\007\116\113\147\120\145\231}{section.7.4}% 73
\BOOKMARK [2][-]{subsection.7.4.4}{\376\377\122\236\164\006\131\126\133\146\221\321\166\204\154\350\141\017\116\213\230\171}{section.7.4}% 74
\BOOKMARK [1][-]{section.7.5}{\376\377\131\047\133\146\166\204\171\217\122\051}{chapter.7}% 75
\BOOKMARK [2][-]{subsection.7.5.1}{\376\377\137\161\226\142\060\001\123\132\162\151\231\206\124\214\122\147\226\142\173\111}{section.7.5}% 76
\BOOKMARK [2][-]{subsection.7.5.2}{\376\377\116\244\220\032\171\217\122\051}{section.7.5}% 77
\BOOKMARK [2][-]{subsection.7.5.3}{\376\377\131\047\133\146\213\355\212\000\116\055\137\303\000\040\000-\000\040\000C\000L\000A}{section.7.5}% 78
\BOOKMARK [2][-]{subsection.7.5.4}{\376\377\000Y\000o\000u\000n\000g\000E\000R\000c\000a\000r\000d}{section.7.5}% 79
\BOOKMARK [2][-]{subsection.7.5.5}{\376\377\131\047\133\146\227\363\116\120\133\146\226\142}{section.7.5}% 80
\BOOKMARK [2][-]{subsection.7.5.6}{\376\377\000W\000i\000-\000F\000i}{section.7.5}% 81
\BOOKMARK [2][-]{subsection.7.5.7}{\376\377\131\047\133\146\124\150\217\271}{section.7.5}% 82
\BOOKMARK [2][-]{subsection.7.5.8}{\376\377\126\376\116\146\231\206\174\373\176\337}{section.7.5}% 83
\BOOKMARK [2][-]{subsection.7.5.9}{\376\377\217\157\116\366\142\230\142\143}{section.7.5}% 84
\BOOKMARK [2][-]{subsection.7.5.10}{\376\377\131\202\147\234\140\250\146\057\116\000\117\115\153\315\116\262}{section.7.5}% 85
\BOOKMARK [0][-]{chapter.8}{\376\377\123\132\155\033\134\074\116\232\177\216\226\142\121\145\133\146\143\007\123\127}{}% 86
\BOOKMARK [1][-]{section.8.1}{\376\377\123\132\155\033\134\074\116\232\177\216\147\057\133\146\226\142\173\200\116\313}{chapter.8}% 87
\BOOKMARK [2][-]{subsection.8.1.1}{\376\377\226\142\174\373}{section.8.1}% 88
\BOOKMARK [2][-]{subsection.8.1.2}{\376\377\133\146\117\115\116\023\116\032}{section.8.1}% 89
\BOOKMARK [1][-]{section.8.2}{\376\377\123\132\155\033\134\074\116\232\177\216\147\057\133\146\226\142\121\145\133\146\200\003\213\325\154\350\121\214\213\364\146\016}{chapter.8}% 90
\BOOKMARK [1][-]{section.8.3}{\376\377\123\302\122\240\121\145\133\146\200\003\213\325}{chapter.8}% 91
\BOOKMARK [2][-]{subsection.8.3.1}{\376\377\200\003\213\325\121\205\133\271}{section.8.3}% 92
\BOOKMARK [2][-]{subsection.8.3.2}{\376\377\200\003\213\325\176\323\147\234\147\345\213\342}{section.8.3}% 93
\BOOKMARK [1][-]{section.8.4}{\376\377\153\143\137\017\154\350\121\214\121\145\133\146}{chapter.8}% 94
\BOOKMARK [1][-]{section.8.5}{\376\377\177\216\226\142\127\060\126\376}{chapter.8}% 95
\BOOKMARK [2][-]{subsection.8.5.1}{\376\377\116\012\213\376\145\366\225\364\123\312\133\211\143\222}{section.8.5}% 96
\BOOKMARK [1][-]{section.8.6}{\376\377\153\325\116\032\166\370\121\163}{chapter.8}% 97
\BOOKMARK [1][-]{section.8.7}{\376\377\123\132\177\216\116\055\126\375\133\146\200\124\173\200\116\313}{chapter.8}% 98
\BOOKMARK [0][-]{chapter.9}{\376\377\123\132\155\033\134\074\116\232\131\047\133\146\116\055\126\375\133\146\200\124}{}% 99
\BOOKMARK [1][-]{section.9.1}{\376\377\133\146\200\124\173\200\116\313}{chapter.9}% 100
\BOOKMARK [2][-]{subsection.9.1.1}{\376\377\133\146\200\124\140\047\215\050}{section.9.1}% 101
\BOOKMARK [2][-]{subsection.9.1.2}{\376\377\133\146\200\124\133\227\145\350}{section.9.1}% 102
\BOOKMARK [2][-]{subsection.9.1.3}{\376\377\133\146\200\124\142\020\124\130}{section.9.1}% 103
\BOOKMARK [2][-]{subsection.9.1.4}{\376\377\133\146\200\124\147\204\142\020}{section.9.1}% 104
\BOOKMARK [2][-]{subsection.9.1.5}{\376\377\220\350\225\350\124\214\200\114\117\115}{section.9.1}% 105
\BOOKMARK [2][-]{subsection.9.1.6}{\376\377\133\146\200\124\122\236\121\154\133\244}{section.9.1}% 106
\BOOKMARK [2][-]{subsection.9.1.7}{\376\377\124\010\117\134\117\031\117\064}{section.9.1}% 107
\BOOKMARK [1][-]{section.9.2}{\376\377\133\146\200\124\200\124\174\373\145\271\137\017}{chapter.9}% 108
\BOOKMARK [1][-]{section.9.3}{\376\377\122\240\121\145\133\146\200\124}{chapter.9}% 109
\BOOKMARK [1][-]{section.9.4}{\376\377\122\240\121\145\133\146\200\124\166\204\131\175\131\004}{chapter.9}% 110
\BOOKMARK [0][-]{chapter.10}{\376\377\136\070\211\301\225\356\230\230\000\040\000F\000A\000Q}{}% 111
\BOOKMARK [0][-]{chapter.11}{\376\377\226\104\137\125\000A\377\014\000\040\172\016\123\141\377\014\134\105\165\131}{}% 112
\BOOKMARK [0][-]{chapter.12}{\376\377\226\104\137\125\000\040\000B\000,\000\040\177\216\226\142\210\150\150\074}{}% 113
\BOOKMARK [0][-]{chapter*.4}{\376\377\123\302\200\003\224\376\143\245}{}% 114
